[2021-12-19 00:00:47] Nike Vaporwaffle :webhook Sending Error =>TypeError: Cannot read property 'addField' of undefined
[2021-12-19 00:00:47] register Job Error =>Error: TypeError: Cannot read property 'addField' of undefined
[2021-12-19 00:05:57] Nike Vaporwaffle :webhook Sending Error =>ReferenceError: o is not defined
[2021-12-19 00:05:57] register Job Error =>Error: ReferenceError: o is not defined
[2021-12-19 00:07:13] Nike Vaporwaffle :webhook Sending Error =>TypeError: Cannot read property 'addField' of undefined
[2021-12-19 00:07:13] register Job Error =>Error: TypeError: Cannot read property 'addField' of undefined
[2021-12-19 00:27:31] Nike Vaporwaffle :webhook Sending Error =>TypeError: Cannot set property '8' of undefined
[2021-12-19 00:27:31] register Job Error =>Error: TypeError: Cannot set property '8' of undefined
[2021-12-19 00:30:00] Nike Vaporwaffle :webhook Sending Error =>TypeError: Cannot set property '260' of undefined
[2021-12-19 00:30:00] register Job Error =>Error: TypeError: Cannot set property '260' of undefined
[2021-12-19 12:33:27] Nike Vaporwaffle :webhook Sending Error =>TypeError: Cannot set property '260' of undefined
[2021-12-19 12:33:27] register Job Error =>Error: TypeError: Cannot set property '260' of undefined
[2021-12-19 12:35:59] Nike Vaporwaffle :webhook Sending Error =>TypeError: Cannot set property '260' of undefined
[2021-12-19 12:35:59] register Job Error =>Error: TypeError: Cannot set property '260' of undefined
[2021-12-19 12:40:12] Nike Vaporwaffle :webhook Sending Error =>TypeError: Cannot set property '260' of undefined
[2021-12-19 12:40:12] register Job Error =>Error: TypeError: Cannot set property '260' of undefined
[2021-12-19 12:45:04] Nike Vaporwaffle :webhook Sending Error =>TypeError: Cannot read property 'sort' of undefined
[2021-12-19 12:45:04] register Job Error =>Error: TypeError: Cannot read property 'sort' of undefined
[2021-12-19 12:46:51] Nike Vaporwaffle :webhook Sending Error =>TypeError: Cannot convert undefined or null to object
[2021-12-19 12:46:51] register Job Error =>Error: TypeError: Cannot convert undefined or null to object
[2021-12-19 12:50:45] Nike Vaporwaffle :webhook Sending Error =>TypeError: Object.keys.sort.reduce is not a function or its return value is not iterable
[2021-12-19 12:50:45] register Job Error =>Error: TypeError: Object.keys.sort.reduce is not a function or its return value is not iterable
[2021-12-19 12:54:41] Nike Vaporwaffle :webhook Sending Error =>TypeError: Object.keys.sort.reduce is not a function or its return value is not iterable
[2021-12-19 12:54:41] register Job Error =>Error: TypeError: Object.keys.sort.reduce is not a function or its return value is not iterable
[2021-12-19 12:57:07] Nike Vaporwaffle :webhook Sending Error =>TypeError: Object.keys.sort.reduce is not a function or its return value is not iterable
[2021-12-19 12:57:07] register Job Error =>Error: TypeError: Object.keys.sort.reduce is not a function or its return value is not iterable
[2021-12-19 12:59:47] Nike Vaporwaffle :webhook Sending Error =>TypeError: Object.keys.sort.reduce is not a function or its return value is not iterable
[2021-12-19 12:59:47] register Job Error =>Error: TypeError: Object.keys.sort.reduce is not a function or its return value is not iterable
[2021-12-19 13:01:11] Nike Vaporwaffle :webhook Sending Error =>TypeError: Object.keys.sort.reduce is not a function or its return value is not iterable
[2021-12-19 13:01:11] register Job Error =>Error: TypeError: Object.keys.sort.reduce is not a function or its return value is not iterable
[2021-12-19 13:03:40] Nike Vaporwaffle :webhook Sending Error =>TypeError: Object.keys.sort.reduce is not a function or its return value is not iterable
[2021-12-19 13:03:40] register Job Error =>Error: TypeError: Object.keys.sort.reduce is not a function or its return value is not iterable
[2021-12-19 13:05:53] Nike Vaporwaffle :webhook Sending Error =>TypeError: Cannot read property 'title' of undefined
[2021-12-19 13:05:53] register Job Error =>Error: TypeError: Cannot read property 'title' of undefined
[2021-12-19 17:30:12] undefined :stockXApi Error =>Error: Status code: 400 - body: /Users/yuha/Desktop/discoer/node_modules/stockx-api/src/utils/../../test/body.txt
[2021-12-19 17:30:12] 1: update Job Error =>Error: Error: Status code: 400 - body: /Users/yuha/Desktop/discoer/node_modules/stockx-api/src/utils/../../test/body.txt
[2021-12-19 17:31:21] undefined :stockXApi Error =>Error: Status code: 400 - body: /Users/yuha/Desktop/discoer/node_modules/stockx-api/src/utils/../../test/body.txt
[2021-12-19 17:31:21] register Job Error =>Error: Error: Status code: 400 - body: /Users/yuha/Desktop/discoer/node_modules/stockx-api/src/utils/../../test/body.txt
[2021-12-19 17:31:49] undefined :stockXApi Error =>Error: Status code: 400 - body: /Users/yuha/Desktop/discoer/node_modules/stockx-api/src/utils/../../test/body.txt
[2021-12-19 17:31:49] 2: update Job Error =>Error: Error: Status code: 400 - body: /Users/yuha/Desktop/discoer/node_modules/stockx-api/src/utils/../../test/body.txt
[2021-12-19 17:34:29] undefined :stockXApi Error =>Error: Status code: 400 - body: /Users/yuha/Desktop/discoer/node_modules/stockx-api/src/utils/../../test/body.txt
[2021-12-19 17:34:29] 1: update Job Error =>Error: Error: Status code: 400 - body: /Users/yuha/Desktop/discoer/node_modules/stockx-api/src/utils/../../test/body.txt
[2021-12-19 17:38:28] undefined :stockXApi Error =>Error: Status code: 400 - body: /Users/yuha/Desktop/discoer/node_modules/stockx-api/src/utils/../../test/body.txt
[2021-12-19 17:38:28] 1: update Job Error =>Error: Error: Status code: 400 - body: /Users/yuha/Desktop/discoer/node_modules/stockx-api/src/utils/../../test/body.txt
[2021-12-19 17:38:38] 1: update Job Error =>Error: Job with an id 1 is not registered.
[2021-12-19 17:39:42] 1: update Job Error =>Error: Job with an id 1 is not registered.
[2021-12-19 17:41:30] undefined :stockXApi Error =>Error: Status code: 400 - body: /Users/yuha/Desktop/discoer/node_modules/stockx-api/src/utils/../../test/body.txt
[2021-12-19 17:41:30] 1: update Job Error =>Error: Error: Status code: 400 - body: /Users/yuha/Desktop/discoer/node_modules/stockx-api/src/utils/../../test/body.txt
